<?xml version="1.0" encoding="UTF-8"?>
<robot generator="Robot 3.2.1 (Python 3.8.3 on darwin)" generated="20200702 23:32:10.468" rpa="false">
<suite id="s1" name="Robot101" source="/Users/nanattapong/Robot101/robot101.robot">
<test id="s1-t1" name="ทดสอบ robot101">
<kw name="เปิดเว็บBigc">
<kw name="Open Browser" library="Selenium2Library">
<doc>Opens a new browser instance to the optional ``url``.</doc>
<arguments>
<arg>${url}</arg>
<arg>${browser}</arg>
</arguments>
<msg timestamp="20200702 23:32:10.666" level="INFO">Opening browser 'chrome' to base url 'http://localhost:5000/'.</msg>
<status status="PASS" starttime="20200702 23:32:10.666" endtime="20200702 23:32:15.610"></status>
</kw>
<status status="PASS" starttime="20200702 23:32:10.665" endtime="20200702 23:32:15.610"></status>
</kw>
<kw name="คลิ๊ก Login">
<kw name="Click Link" library="Selenium2Library">
<doc>Clicks a link identified by ``locator``.</doc>
<arguments>
<arg>link=เข้าสู่ระบบ</arg>
</arguments>
<msg timestamp="20200702 23:32:15.611" level="INFO">Clicking link 'link=เข้าสู่ระบบ'.</msg>
<status status="PASS" starttime="20200702 23:32:15.611" endtime="20200702 23:32:15.819"></status>
</kw>
<status status="PASS" starttime="20200702 23:32:15.611" endtime="20200702 23:32:15.819"></status>
</kw>
<kw name="Input Login">
<kw name="Input Text" library="Selenium2Library">
<doc>Types the given ``text`` into the text field identified by ``locator``.</doc>
<arguments>
<arg>ID=email</arg>
<arg>${user_name}</arg>
</arguments>
<msg timestamp="20200702 23:32:15.820" level="INFO">Typing text 'finch255@hotmail.com' into text field 'ID=email'.</msg>
<status status="PASS" starttime="20200702 23:32:15.820" endtime="20200702 23:32:16.494"></status>
</kw>
<kw name="Input Text" library="Selenium2Library">
<doc>Types the given ``text`` into the text field identified by ``locator``.</doc>
<arguments>
<arg>ID=passwordLogin</arg>
<arg>${password}</arg>
</arguments>
<msg timestamp="20200702 23:32:16.494" level="INFO">Typing text '12345678' into text field 'ID=passwordLogin'.</msg>
<status status="PASS" starttime="20200702 23:32:16.494" endtime="20200702 23:32:16.617"></status>
</kw>
<kw name="Click Button" library="Selenium2Library">
<doc>Clicks the button identified by ``locator``.</doc>
<arguments>
<arg>ID=btn-login</arg>
</arguments>
<msg timestamp="20200702 23:32:16.618" level="INFO">Clicking button 'ID=btn-login'.</msg>
<status status="PASS" starttime="20200702 23:32:16.617" endtime="20200702 23:32:16.692"></status>
</kw>
<status status="PASS" starttime="20200702 23:32:15.820" endtime="20200702 23:32:16.692"></status>
</kw>
<kw name="รอโหลด">
<kw name="Sleep" library="BuiltIn">
<doc>Pauses the test executed for the given time.</doc>
<arguments>
<arg>10s</arg>
</arguments>
<msg timestamp="20200702 23:32:26.694" level="INFO">Slept 10 seconds</msg>
<status status="PASS" starttime="20200702 23:32:16.693" endtime="20200702 23:32:26.694"></status>
</kw>
<status status="PASS" starttime="20200702 23:32:16.692" endtime="20200702 23:32:26.694"></status>
</kw>
<kw name="ค้นหา น้ำ">
<kw name="Input Text" library="Selenium2Library">
<doc>Types the given ``text`` into the text field identified by ``locator``.</doc>
<arguments>
<arg>ID=search-id</arg>
<arg>${expected_result}</arg>
</arguments>
<msg timestamp="20200702 23:32:26.695" level="INFO">Typing text 'น้ำ' into text field 'ID=search-id'.</msg>
<status status="PASS" starttime="20200702 23:32:26.695" endtime="20200702 23:32:26.993"></status>
</kw>
<kw name="Press Keys" library="Selenium2Library">
<doc>Simulates the user pressing key(s) to an element or on the active browser.</doc>
<arguments>
<arg>ID=search-id</arg>
<arg>ENTER</arg>
</arguments>
<msg timestamp="20200702 23:32:26.994" level="INFO">Sending key(s) ('ENTER',) to ID=search-id element.</msg>
<msg timestamp="20200702 23:32:27.270" level="INFO">Pressing special key ENTER to element.</msg>
<msg timestamp="20200702 23:32:27.270" level="INFO">Releasing special key ENTER.</msg>
<status status="PASS" starttime="20200702 23:32:26.993" endtime="20200702 23:32:27.285"></status>
</kw>
<status status="PASS" starttime="20200702 23:32:26.694" endtime="20200702 23:32:27.285"></status>
</kw>
<kw name="รอผลลัพธ์">
<kw name="Wait Until Page Contains" library="Selenium2Library">
<doc>Waits until ``text`` appears on the current page.</doc>
<arguments>
<arg>${expected_result}</arg>
</arguments>
<status status="PASS" starttime="20200702 23:32:27.286" endtime="20200702 23:32:27.378"></status>
</kw>
<status status="PASS" starttime="20200702 23:32:27.285" endtime="20200702 23:32:27.378"></status>
</kw>
<kw name="คลิ๊กปิดblackdrop">
<kw name="Click Button" library="Selenium2Library">
<doc>Clicks the button identified by ``locator``.</doc>
<arguments>
<arg>//*[@id="header"]/div[1]/div/div[2]/div/div/button</arg>
</arguments>
<msg timestamp="20200702 23:32:27.379" level="INFO">Clicking button '//*[@id="header"]/div[1]/div/div[2]/div/div/button'.</msg>
<status status="PASS" starttime="20200702 23:32:27.378" endtime="20200702 23:32:27.934"></status>
</kw>
<status status="PASS" starttime="20200702 23:32:27.378" endtime="20200702 23:32:27.934"></status>
</kw>
<kw name="กดเพิ่มสินค้า">
<kw name="Click Element" library="Selenium2Library">
<doc>Click the element identified by ``locator``.</doc>
<arguments>
<arg>//*[@id="product-list"]/div[3]/div[2]/div[1]/div[1]/div[1]/div[1]/div/div[2]/button</arg>
</arguments>
<msg timestamp="20200702 23:32:27.935" level="INFO">Clicking element '//*[@id="product-list"]/div[3]/div[2]/div[1]/div[1]/div[1]/div[1]/div/div[2]/button'.</msg>
<status status="PASS" starttime="20200702 23:32:27.935" endtime="20200702 23:32:28.028"></status>
</kw>
<status status="PASS" starttime="20200702 23:32:27.935" endtime="20200702 23:32:28.028"></status>
</kw>
<kw name="รอผลลัพธ์">
<kw name="Wait Until Page Contains" library="Selenium2Library">
<doc>Waits until ``text`` appears on the current page.</doc>
<arguments>
<arg>${expected_result}</arg>
</arguments>
<status status="PASS" starttime="20200702 23:32:28.029" endtime="20200702 23:32:28.081"></status>
</kw>
<status status="PASS" starttime="20200702 23:32:28.029" endtime="20200702 23:32:28.082"></status>
</kw>
<kw name="ไปหน้าcart">
<kw name="Go To" library="Selenium2Library">
<doc>Navigates the current browser window to the provided ``url``.</doc>
<arguments>
<arg>http://localhost:5000/cart</arg>
</arguments>
<msg timestamp="20200702 23:32:28.082" level="INFO">Opening url 'http://localhost:5000/cart'</msg>
<status status="PASS" starttime="20200702 23:32:28.082" endtime="20200702 23:32:28.666"></status>
</kw>
<status status="PASS" starttime="20200702 23:32:28.082" endtime="20200702 23:32:28.666"></status>
</kw>
<status status="PASS" starttime="20200702 23:32:10.664" endtime="20200702 23:32:28.666" critical="yes"></status>
</test>
<status status="PASS" starttime="20200702 23:32:10.469" endtime="20200702 23:32:28.668"></status>
</suite>
<statistics>
<total>
<stat pass="1" fail="0">Critical Tests</stat>
<stat pass="1" fail="0">All Tests</stat>
</total>
<tag>
</tag>
<suite>
<stat pass="1" fail="0" id="s1" name="Robot101">Robot101</stat>
</suite>
</statistics>
<errors>
</errors>
</robot>
